 dpkg-buildpackage -rfakeroot -D -us -uc
dpkg-buildpackage: export CFLAGS from dpkg-buildflags (origin: vendor): -g -O2 -fstack-protector --param=ssp-buffer-size=4 -Wformat -Wformat-security
dpkg-buildpackage: export CPPFLAGS from dpkg-buildflags (origin: vendor): -D_FORTIFY_SOURCE=2
dpkg-buildpackage: export CXXFLAGS from dpkg-buildflags (origin: vendor): -g -O2 -fstack-protector --param=ssp-buffer-size=4 -Wformat -Wformat-security
dpkg-buildpackage: export FFLAGS from dpkg-buildflags (origin: vendor): -g -O2
dpkg-buildpackage: export LDFLAGS from dpkg-buildflags (origin: vendor): -Wl,-Bsymbolic-functions -Wl,-z,relro
dpkg-buildpackage: source package ncbisegbioxsd
dpkg-buildpackage: source version 0.0.1-1
dpkg-buildpackage: source changed by uwe <uwe@uwe.tbl>
 dpkg-source --before-build ncbisegbioxsd-0.0.1
dpkg-buildpackage: host architecture amd64
 fakeroot debian/rules clean
dh clean --with javahelper
   dh_testdir
   dh_auto_clean
   jh_clean
   dh_clean
 dpkg-source -b ncbisegbioxsd-0.0.1
dpkg-source: info: using source format `3.0 (quilt)'
dpkg-source: info: building ncbisegbioxsd using existing ./ncbisegbioxsd_0.0.1.orig.tar.gz
dpkg-source: info: building ncbisegbioxsd in ncbisegbioxsd_0.0.1-1.debian.tar.gz
dpkg-source: info: building ncbisegbioxsd in ncbisegbioxsd_0.0.1-1.dsc
 debian/rules build
dh build --with javahelper
   dh_testdir
   dh_auto_configure
   jh_linkjars
   dh_auto_build
   jh_build
find ../../src -name *.java -and -type f -print0 | xargs -0 /usr/lib/jvm/java-7-oracle/bin/javac -cp /usr/lib/jvm/java-7-oracle/jre/lib/jfxrt.jar:debian/_jh_build.ncbisegbioxsd -d debian/_jh_build.ncbisegbioxsd -source 1.5
warning: [options] bootstrap class path not set in conjunction with -source 1.5
1 warning
find ../../src -name *.java -and -type f -print0 | xargs -0 /usr/lib/jvm/java-7-oracle/bin/javadoc -classpath /usr/lib/jvm/java-7-oracle/jre/lib/jfxrt.jar:debian/_jh_build.ncbisegbioxsd -d debian/_jh_build.javadoc/api -quiet
Creating destination directory: "debian/_jh_build.javadoc/api/"
/usr/lib/jvm/java-7-oracle/bin/jar cfm /home/uwe/Desktop/dinge/Studium/10.Semester/BioInfLab/exercises/biolab/bioxsdconv/packaging/ncbisegbioxsd-0.0.1/ncbisegbioxsd.jar ../_jh_manifest.ncbisegbioxsd ncbisegout profisisout
   dh_auto_test
 fakeroot debian/rules binary
dh binary --with javahelper
   dh_testroot
   dh_prep
   dh_installdirs
   dh_auto_install
   dh_install
   jh_installjavadoc
   dh_installdocs
   dh_installchangelogs
   dh_installexamples
   dh_installman
   dh_installcatalogs
   dh_installcron
   dh_installdebconf
   dh_installemacsen
   dh_installifupdown
   dh_installinfo
   dh_pysupport
dh_pysupport: This program is deprecated, you should use dh_python2 instead. Migration guide: http://deb.li/dhs2p
   dh_installinit
   dh_installmenu
   dh_installmime
   dh_installmodules
   dh_installlogcheck
   dh_installlogrotate
   dh_installpam
   dh_installppp
   dh_installudev
   dh_installwm
   dh_installxfonts
   dh_installgsettings
   dh_bugfiles
   dh_ucf
   dh_lintian
   dh_gconf
   dh_icons
   dh_perl
   dh_usrlocal
   dh_link
   jh_installlibs
   jh_classpath
   jh_manifest
   jh_exec
   jh_depends
   dh_compress
   dh_fixperms
   dh_installdeb
   dh_gencontrol
   dh_md5sums
   dh_builddeb
dpkg-deb: building package `ncbisegbioxsd' in `../ncbisegbioxsd_0.0.1-1_all.deb'.
 dpkg-genchanges  >../ncbisegbioxsd_0.0.1-1_amd64.changes
dpkg-genchanges: including full source code in upload
 dpkg-source --after-build ncbisegbioxsd-0.0.1
dpkg-buildpackage: full upload (original source is included)
Now running lintian...
W: ncbisegbioxsd: executable-not-elf-or-script usr/share/ncbisegbioxsd/ncbisegbioxsd.jar
Finished running lintian.
W: ncbisegbioxsd: [33mexecutable-not-elf-or-script[0m usr/share/ncbisegbioxsd/ncbisegbioxsd.jar
